<?xml version="1.0" encoding="UTF-8"?>
<testng-results skipped="0" failed="0" total="1" passed="1">
  <reporter-output>
  </reporter-output>
  <suite name="Default suite" duration-ms="2409" started-at="2015-04-21T12:30:30Z" finished-at="2015-04-21T12:30:32Z">
    <groups>
    </groups>
    <test name="Default test" duration-ms="2409" started-at="2015-04-21T12:30:30Z" finished-at="2015-04-21T12:30:32Z">
      <class name="com.test.TestWebService">
        <test-method status="PASS" signature="setUp()[pri:0, instance:com.test.TestWebService@7cdbc5d3]" name="setUp" is-config="true" duration-ms="428" started-at="2015-04-21T18:00:30Z" finished-at="2015-04-21T18:00:30Z">
          <reporter-output>
          </reporter-output>
        </test-method> <!-- setUp -->
        <test-method status="PASS" signature="shouldReturnWeatherDataForWarsaw()[pri:0, instance:com.test.TestWebService@7cdbc5d3]" name="shouldReturnWeatherDataForWarsaw" duration-ms="1973" started-at="2015-04-21T18:00:30Z" finished-at="2015-04-21T18:00:32Z">
          <reporter-output>
          </reporter-output>
        </test-method> <!-- shouldReturnWeatherDataForWarsaw -->
      </class> <!-- com.test.TestWebService -->
    </test> <!-- Default test -->
  </suite> <!-- Default suite -->
</testng-results>
